           Time    Speed        Read     Read   Mapped   Mapped   Mapped   Mapped Unmapped Unmapped Unmapped Unmapped
                    M/hr      number   length   unique   length   MMrate    multi   multi+       MM    short    other
May 03 03:09:41     76.0     1267361      195    88.2%    194.8     0.2%     8.1%     0.0%     0.0%     3.6%     0.0%
May 03 03:10:50     79.8     2860343      195    88.2%    194.8     0.2%     8.1%     0.0%     0.0%     3.6%     0.0%
May 03 03:11:51     84.4     4453577      195    88.2%    194.8     0.2%     8.1%     0.0%     0.0%     3.6%     0.0%
May 03 03:13:00     84.1     6047319      195    88.2%    194.8     0.2%     8.1%     0.0%     0.0%     3.6%     0.0%
May 03 03:14:02     85.7     7642071      195    88.2%    194.8     0.2%     8.1%     0.0%     0.0%     3.6%     0.0%
May 03 03:15:04     85.8     9123900      195    88.2%    194.7     0.2%     8.1%     0.0%     0.0%     3.6%     0.0%
May 03 03:16:04     87.0    10708539      194    88.2%    194.6     0.2%     8.1%     0.0%     0.0%     3.6%     0.0%
May 03 03:17:05     86.1    12058580      194    88.2%    194.5     0.2%     8.1%     0.0%     0.0%     3.6%     0.0%
May 03 03:18:06     86.8    13630354      194    88.2%    194.5     0.2%     8.1%     0.0%     0.0%     3.6%     0.0%
May 03 03:19:09     86.5    15086917      194    88.2%    194.5     0.2%     8.1%     0.0%     0.0%     3.6%     0.0%
May 03 03:20:09     87.2    16657336      194    88.2%    194.5     0.2%     8.1%     0.0%     0.0%     3.6%     0.0%
May 03 03:21:16     86.9    18228150      194    88.2%    194.5     0.2%     8.1%     0.0%     0.0%     3.6%     0.0%
May 03 03:22:16     87.5    19799936      194    88.2%    194.5     0.2%     8.1%     0.0%     0.0%     3.6%     0.0%
May 03 03:23:19     87.6    21373051      194    88.2%    194.5     0.2%     8.1%     0.0%     0.0%     3.6%     0.0%
May 03 03:24:21     87.4    22834047      194    88.2%    194.5     0.2%     8.1%     0.0%     0.0%     3.6%     0.0%
May 03 03:25:21     87.9    24408092      194    88.2%    194.5     0.2%     8.1%     0.0%     0.0%     3.6%     0.0%
May 03 03:26:22     87.4    25754705      194    88.2%    194.5     0.2%     8.1%     0.0%     0.0%     3.6%     0.0%
May 03 03:27:22     87.7    27321991      194    88.2%    194.5     0.2%     8.1%     0.0%     0.0%     3.6%     0.0%
May 03 03:28:22     87.4    28667562      194    88.2%    194.5     0.2%     8.1%     0.0%     0.0%     3.6%     0.0%
May 03 03:29:26     87.8    30349492      194    88.2%    194.5     0.2%     8.1%     0.0%     0.0%     3.6%     0.0%
May 03 03:30:26     87.4    31695933      194    88.2%    194.5     0.2%     8.1%     0.0%     0.0%     3.6%     0.0%
May 03 03:31:28     87.9    33380035      194    88.2%    194.5     0.2%     8.1%     0.0%     0.0%     3.6%     0.0%
May 03 03:32:32     87.7    34841485      194    88.2%    194.5     0.2%     8.1%     0.0%     0.0%     3.6%     0.0%
May 03 03:33:33     88.1    36527841      194    88.2%    194.5     0.2%     8.1%     0.0%     0.0%     3.6%     0.0%
May 03 03:34:36     88.0    37990021      194    88.2%    194.5     0.2%     8.1%     0.0%     0.0%     3.6%     0.0%
May 03 03:35:36     88.4    39676765      194    88.2%    194.4     0.2%     8.1%     0.0%     0.0%     3.6%     0.0%
May 03 03:36:38     88.3    41139125      194    88.2%    194.4     0.2%     8.1%     0.0%     0.0%     3.6%     0.0%
May 03 03:37:38     88.8    42827862      194    88.2%    194.4     0.2%     8.1%     0.0%     0.0%     3.6%     0.0%
May 03 03:38:40     88.6    44294019      194    88.2%    194.3     0.2%     8.1%     0.0%     0.0%     3.6%     0.0%
May 03 03:39:40     89.1    45988009      194    88.2%    194.3     0.2%     8.1%     0.0%     0.0%     3.6%     0.0%
May 03 03:40:41     89.0    47456493      194    88.2%    194.2     0.2%     8.1%     0.0%     0.0%     3.6%     0.0%
May 03 03:41:43     89.3    49152565      194    88.2%    194.2     0.2%     8.1%     0.0%     0.0%     3.6%     0.0%
May 03 03:42:44     89.4    50729462      194    88.2%    194.1     0.2%     8.1%     0.0%     0.0%     3.6%     0.0%
May 03 03:43:48     89.6    52414416      194    88.2%    194.1     0.2%     8.1%     0.0%     0.0%     3.6%     0.0%
May 03 03:44:48     89.9    54100966      194    88.2%    194.1     0.2%     8.1%     0.0%     0.0%     3.6%     0.0%
May 03 03:45:48     89.8    55564050      194    88.2%    194.1     0.2%     8.1%     0.0%     0.0%     3.6%     0.0%
May 03 03:46:59     89.9    57366601      194    88.2%    194.1     0.2%     8.1%     0.0%     0.0%     3.6%     0.0%
May 03 03:48:03     90.2    59170745      194    88.2%    194.1     0.2%     8.1%     0.0%     0.0%     3.6%     0.0%
May 03 03:49:03     90.3    60750556      194    88.2%    194.0     0.2%     8.1%     0.0%     0.0%     3.6%     0.0%
May 03 03:50:04     90.4    62329688      194    88.2%    194.0     0.2%     8.1%     0.0%     0.0%     3.6%     0.0%
May 03 03:51:10     90.4    64015382      194    88.2%    194.0     0.2%     8.1%     0.0%     0.0%     3.6%     0.0%
May 03 03:52:10     90.7    65702158      194    88.2%    194.0     0.2%     8.1%     0.0%     0.0%     3.6%     0.0%
May 03 03:53:15     90.6    67277299      194    88.2%    194.0     0.2%     8.1%     0.0%     0.0%     3.6%     0.0%
May 03 03:54:19     90.8    69079093      194    88.2%    194.0     0.2%     8.1%     0.0%     0.0%     3.6%     0.0%
May 03 03:55:20     90.9    70658521      194    88.2%    194.0     0.2%     8.1%     0.0%     0.0%     3.6%     0.0%
May 03 03:56:21     91.1    72352298      194    88.2%    193.9     0.2%     8.1%     0.0%     0.0%     3.6%     0.0%
May 03 03:57:24     91.1    73933623      194    88.2%    193.9     0.2%     8.1%     0.0%     0.0%     3.6%     0.0%
ALL DONE!
