                                 Started job on |	May 03 03:15:50
                             Started mapping on |	May 03 03:20:29
                                    Finished on |	May 03 04:03:15
       Mapping speed, Million of reads per hour |	93.39

                          Number of input reads |	66565696
                      Average input read length |	194
                                    UNIQUE READS:
                   Uniquely mapped reads number |	58676080
                        Uniquely mapped reads % |	88.15%
                          Average mapped length |	193.82
                       Number of splices: Total |	24721300
            Number of splices: Annotated (sjdb) |	24432647
                       Number of splices: GT/AG |	24441750
                       Number of splices: GC/AG |	183461
                       Number of splices: AT/AC |	23120
               Number of splices: Non-canonical |	72969
                      Mismatch rate per base, % |	0.23%
                         Deletion rate per base |	0.01%
                        Deletion average length |	1.50
                        Insertion rate per base |	0.01%
                       Insertion average length |	1.55
                             MULTI-MAPPING READS:
        Number of reads mapped to multiple loci |	5170028
             % of reads mapped to multiple loci |	7.77%
        Number of reads mapped to too many loci |	16728
             % of reads mapped to too many loci |	0.03%
                                  UNMAPPED READS:
       % of reads unmapped: too many mismatches |	0.00%
                 % of reads unmapped: too short |	4.02%
                     % of reads unmapped: other |	0.04%
                                  CHIMERIC READS:
                       Number of chimeric reads |	0
                            % of chimeric reads |	0.00%
