# UMI-tools version: 1.1.4
# output generated by extract -I test_data/scrb_seq_fastq.1.gz --read2-in test_data/scrb_seq_fastq.2.gz --bc-pattern CCCCCCNNNNNNNNNN --bc-pattern2 CCCCCCNNNNNNNNNN --extract-method string --umi-separator _ -S scrb_seq_fastq.1.umi_extract.fastq.gz --read2-out scrb_seq_fastq.2.umi_extract.fastq.gz --log log.out --random-seed 1
# job started at Sun Jun  2 18:15:07 2024 on Aleks-MacBook-Air.local -- 73a6bd2a-5dd9-4473-8c32-cf7a2dd72117
# pid: 66002, system: Darwin 23.4.0 Darwin Kernel Version 23.4.0: Fri Mar 15 00:11:05 PDT 2024; root:xnu-10063.101.17~1/RELEASE_X86_64 x86_64
# blacklist                               : None
# compresslevel                           : 6
# correct_umi_threshold                   : 0
# either_read                             : False
# either_read_resolve                     : discard
# error_correct_cell                      : False
# extract_method                          : string
# filter_cell_barcode                     : None
# filter_cell_barcodes                    : False
# filter_umi                              : None
# filtered_out                            : None
# filtered_out2                           : None
# ignore_suffix                           : False
# log2stderr                              : False
# loglevel                                : 1
# pattern                                 : CCCCCCNNNNNNNNNN
# pattern2                                : CCCCCCNNNNNNNNNN
# prime3                                  : None
# quality_encoding                        : None
# quality_filter_mask                     : None
# quality_filter_threshold                : None
# random_seed                             : 1
# read2_in                                : test_data/scrb_seq_fastq.2.gz
# read2_out                               : scrb_seq_fastq.2.umi_extract.fastq.gz
# read2_stdout                            : False
# reads_subset                            : None
# reconcile                               : False
# retain_umi                              : None
# short_help                              : None
# stderr                                  : <_io.TextIOWrapper name='<stderr>' mode='w' encoding='utf-8'>
# stdin                                   : <_io.TextIOWrapper name='test_data/scrb_seq_fastq.1.gz' encoding='ascii'>
# stdlog                                  : <_io.TextIOWrapper name='log.out' mode='a' encoding='UTF-8'>
# stdout                                  : <_io.TextIOWrapper name='scrb_seq_fastq.1.umi_extract.fastq.gz' encoding='ascii'>
# timeit_file                             : None
# timeit_header                           : None
# timeit_name                             : all
# tmpdir                                  : None
# umi_correct_log                         : None
# umi_separator                           : _
# umi_whitelist                           : None
# umi_whitelist_paired                    : None
# whitelist                               : None
2024-06-02 18:15:07,695 INFO Starting barcode extraction
2024-06-02 18:15:08,221 INFO Input Reads: 10000
2024-06-02 18:15:08,222 INFO Reads output: 10000
# job finished in 0 seconds at Sun Jun  2 18:15:08 2024 --  2.98  0.98  0.00  0.00 -- 73a6bd2a-5dd9-4473-8c32-cf7a2dd72117
# UMI-tools version: 1.1.4
# output generated by extract -I test_data/scrb_seq_fastq.1.gz --read2-in test_data/scrb_seq_fastq.2.gz --bc-pattern CCCCCCNNNNNNNNNN --bc-pattern2 CCCCCCNNNNNNNNNN --extract-method string -S scrb_seq_fastq.1.umi_extract.fastq.gz --read2-out scrb_seq_fastq.2.umi_extract.fastq.gz --log log.out --random-seed 1
# job started at Sun Jun  2 18:50:33 2024 on Aleks-MacBook-Air.local -- d91646df-6947-449d-9885-d33b60a81dcd
# pid: 66898, system: Darwin 23.4.0 Darwin Kernel Version 23.4.0: Fri Mar 15 00:11:05 PDT 2024; root:xnu-10063.101.17~1/RELEASE_X86_64 x86_64
# blacklist                               : None
# compresslevel                           : 6
# correct_umi_threshold                   : 0
# either_read                             : False
# either_read_resolve                     : discard
# error_correct_cell                      : False
# extract_method                          : string
# filter_cell_barcode                     : None
# filter_cell_barcodes                    : False
# filter_umi                              : None
# filtered_out                            : None
# filtered_out2                           : None
# ignore_suffix                           : False
# log2stderr                              : False
# loglevel                                : 1
# pattern                                 : CCCCCCNNNNNNNNNN
# pattern2                                : CCCCCCNNNNNNNNNN
# prime3                                  : None
# quality_encoding                        : None
# quality_filter_mask                     : None
# quality_filter_threshold                : None
# random_seed                             : 1
# read2_in                                : test_data/scrb_seq_fastq.2.gz
# read2_out                               : scrb_seq_fastq.2.umi_extract.fastq.gz
# read2_stdout                            : False
# reads_subset                            : None
# reconcile                               : False
# retain_umi                              : None
# short_help                              : None
# stderr                                  : <_io.TextIOWrapper name='<stderr>' mode='w' encoding='utf-8'>
# stdin                                   : <_io.TextIOWrapper name='test_data/scrb_seq_fastq.1.gz' encoding='ascii'>
# stdlog                                  : <_io.TextIOWrapper name='log.out' mode='a' encoding='UTF-8'>
# stdout                                  : <_io.TextIOWrapper name='scrb_seq_fastq.1.umi_extract.fastq.gz' encoding='ascii'>
# timeit_file                             : None
# timeit_header                           : None
# timeit_name                             : all
# tmpdir                                  : None
# umi_correct_log                         : None
# umi_separator                           : _
# umi_whitelist                           : None
# umi_whitelist_paired                    : None
# whitelist                               : None
2024-06-02 18:50:33,203 INFO Starting barcode extraction
2024-06-02 18:50:33,698 INFO Input Reads: 10000
2024-06-02 18:50:33,698 INFO Reads output: 10000
# job finished in 0 seconds at Sun Jun  2 18:50:33 2024 --  3.08  0.94  0.00  0.00 -- d91646df-6947-449d-9885-d33b60a81dcd
# UMI-tools version: 1.1.4
# output generated by extract -I test_data/scrb_seq_fastq.1.gz --read2-in test_data/scrb_seq_fastq.2.gz --bc-pattern CCCCCCNNNNNNNNNN --bc-pattern2 CCCCCCNNNNNNNNNN --extract-method string --umi-separator _ -S test_data/scrb_seq_fastq.1.umi_extract.fastq.gz --read2-out test_data/scrb_seq_fastq.2.umi_extract.fastq.gz --log log.out --random-seed 1
# job started at Sun Jun  2 19:07:36 2024 on Aleks-MacBook-Air.local -- 361a8e5b-157b-4b9f-a291-b9c107594f66
# pid: 68495, system: Darwin 23.4.0 Darwin Kernel Version 23.4.0: Fri Mar 15 00:11:05 PDT 2024; root:xnu-10063.101.17~1/RELEASE_X86_64 x86_64
# blacklist                               : None
# compresslevel                           : 6
# correct_umi_threshold                   : 0
# either_read                             : False
# either_read_resolve                     : discard
# error_correct_cell                      : False
# extract_method                          : string
# filter_cell_barcode                     : None
# filter_cell_barcodes                    : False
# filter_umi                              : None
# filtered_out                            : None
# filtered_out2                           : None
# ignore_suffix                           : False
# log2stderr                              : False
# loglevel                                : 1
# pattern                                 : CCCCCCNNNNNNNNNN
# pattern2                                : CCCCCCNNNNNNNNNN
# prime3                                  : None
# quality_encoding                        : None
# quality_filter_mask                     : None
# quality_filter_threshold                : None
# random_seed                             : 1
# read2_in                                : test_data/scrb_seq_fastq.2.gz
# read2_out                               : test_data/scrb_seq_fastq.2.umi_extract.fastq.gz
# read2_stdout                            : False
# reads_subset                            : None
# reconcile                               : False
# retain_umi                              : None
# short_help                              : None
# stderr                                  : <_io.TextIOWrapper name='<stderr>' mode='w' encoding='utf-8'>
# stdin                                   : <_io.TextIOWrapper name='test_data/scrb_seq_fastq.1.gz' encoding='ascii'>
# stdlog                                  : <_io.TextIOWrapper name='log.out' mode='a' encoding='UTF-8'>
# stdout                                  : <_io.TextIOWrapper name='test_data/scrb_seq_fastq.1.umi_extract.fastq.gz' encoding='ascii'>
# timeit_file                             : None
# timeit_header                           : None
# timeit_name                             : all
# tmpdir                                  : None
# umi_correct_log                         : None
# umi_separator                           : _
# umi_whitelist                           : None
# umi_whitelist_paired                    : None
# whitelist                               : None
2024-06-02 19:07:36,801 INFO Starting barcode extraction
2024-06-02 19:07:37,319 INFO Input Reads: 10000
2024-06-02 19:07:37,319 INFO Reads output: 10000
# job finished in 0 seconds at Sun Jun  2 19:07:37 2024 --  3.33  0.76  0.00  0.00 -- 361a8e5b-157b-4b9f-a291-b9c107594f66
# UMI-tools version: 1.1.4
# output generated by extract -I test_data/scrb_seq_fastq.1.gz --read2-in test_data/scrb_seq_fastq.2.gz --bc-pattern CCCCCCNNNNNNNNNN --bc-pattern2 CCCCCCNNNNNNNNNN --extract-method string --umi-separator _ -S scrb_seq_fastq.1.umi_extract.fastq.gz --read2-out scrb_seq_fastq.2.umi_extract.fastq.gz --log log.out --random-seed 1
# job started at Sun Jun  2 19:28:44 2024 on Aleks-MacBook-Air.local -- 15f7521c-d72a-48a9-bc5e-178e1290e3d0
# pid: 69211, system: Darwin 23.4.0 Darwin Kernel Version 23.4.0: Fri Mar 15 00:11:05 PDT 2024; root:xnu-10063.101.17~1/RELEASE_X86_64 x86_64
# blacklist                               : None
# compresslevel                           : 6
# correct_umi_threshold                   : 0
# either_read                             : False
# either_read_resolve                     : discard
# error_correct_cell                      : False
# extract_method                          : string
# filter_cell_barcode                     : None
# filter_cell_barcodes                    : False
# filter_umi                              : None
# filtered_out                            : None
# filtered_out2                           : None
# ignore_suffix                           : False
# log2stderr                              : False
# loglevel                                : 1
# pattern                                 : CCCCCCNNNNNNNNNN
# pattern2                                : CCCCCCNNNNNNNNNN
# prime3                                  : None
# quality_encoding                        : None
# quality_filter_mask                     : None
# quality_filter_threshold                : None
# random_seed                             : 1
# read2_in                                : test_data/scrb_seq_fastq.2.gz
# read2_out                               : scrb_seq_fastq.2.umi_extract.fastq.gz
# read2_stdout                            : False
# reads_subset                            : None
# reconcile                               : False
# retain_umi                              : None
# short_help                              : None
# stderr                                  : <_io.TextIOWrapper name='<stderr>' mode='w' encoding='utf-8'>
# stdin                                   : <_io.TextIOWrapper name='test_data/scrb_seq_fastq.1.gz' encoding='ascii'>
# stdlog                                  : <_io.TextIOWrapper name='log.out' mode='a' encoding='UTF-8'>
# stdout                                  : <_io.TextIOWrapper name='scrb_seq_fastq.1.umi_extract.fastq.gz' encoding='ascii'>
# timeit_file                             : None
# timeit_header                           : None
# timeit_name                             : all
# tmpdir                                  : None
# umi_correct_log                         : None
# umi_separator                           : _
# umi_whitelist                           : None
# umi_whitelist_paired                    : None
# whitelist                               : None
2024-06-02 19:28:44,260 INFO Starting barcode extraction
2024-06-02 19:28:44,778 INFO Input Reads: 10000
2024-06-02 19:28:44,778 INFO Reads output: 10000
# job finished in 0 seconds at Sun Jun  2 19:28:44 2024 --  3.26  0.74  0.00  0.00 -- 15f7521c-d72a-48a9-bc5e-178e1290e3d0
